<?xml version="1.0" encoding="UTF-8"?>
<!-- Generated by org.testng.reporters.JUnitReportReporter -->
<testsuite hostname="DESKTOP-LCQJVRU" name="SpiceJet.SpiceJet.NewTest" tests="1" failures="0" timestamp="30 Jun 2020 06:54:19 GMT" time="0.024" errors="0">
  <testcase name="f" time="0.024" classname="SpiceJet.SpiceJet.NewTest"/>
</testsuite> <!-- SpiceJet.SpiceJet.NewTest -->
