<?xml version="1.0" encoding="UTF-8"?>
<!-- Generated by org.testng.reporters.JUnitReportReporter -->
<testsuite name="SpiceJet.SpiceJet.Test1" tests="1" time="2.079" ignored="0" failures="0" timestamp="24 Jul 2020 08:14:35 GMT" skipped="0" hostname="DESKTOP-LCQJVRU" errors="0">
  <testcase name="Excel" time="2.079" classname="SpiceJet.SpiceJet.Test1"/>
</testsuite> <!-- SpiceJet.SpiceJet.Test1 -->
